2023-03-09 15:27:12,711 - INFO - folderComparison - Folder Synced
2023-03-09 15:27:17,757 - INFO - folderComparison - Folder Synced
2023-03-09 15:27:22,767 - INFO - folderComparison - Folder Synced
2023-03-09 15:27:27,776 - INFO - folderComparison - Folder Not Synced
2023-03-09 15:27:32,783 - INFO - folderComparison - Folder Synced
2023-03-09 15:27:37,799 - INFO - folderComparison - Folder Synced
2023-03-09 15:27:42,816 - INFO - folderComparison - Folder Synced
2023-03-09 15:27:47,818 - INFO - folderComparison - Folder Synced
2023-03-09 15:27:52,828 - INFO - folderComparison - Folder Synced
2023-03-09 15:27:57,836 - INFO - folderComparison - Folder Synced
2023-03-09 15:28:02,838 - INFO - folderComparison - Folder Synced
2023-03-09 15:28:07,898 - INFO - folderComparison - Folder Synced
2023-03-09 15:28:12,909 - INFO - folderComparison - Folder Synced
2023-03-09 15:28:17,919 - INFO - folderComparison - Folder Synced
2023-03-09 15:28:22,937 - INFO - folderComparison - Folder Synced
2023-03-09 15:28:27,949 - INFO - folderComparison - Folder Synced
2023-03-09 15:28:32,954 - INFO - folderComparison - Folder Synced
2023-03-09 15:28:37,962 - INFO - folderComparison - Folder Synced
2023-03-09 15:28:42,966 - INFO - folderComparison - Folder Synced
2023-03-09 15:28:47,975 - INFO - folderComparison - Folder Synced
2023-03-09 15:28:52,982 - INFO - folderComparison - Folder Synced
2023-03-09 15:28:57,990 - INFO - folderComparison - Folder Synced
2023-03-09 15:29:02,999 - INFO - folderComparison - Folder Synced
2023-03-09 15:29:08,014 - INFO - folderComparison - Folder Synced
2023-03-09 15:29:13,015 - INFO - folderComparison - Folder Synced
2023-03-09 15:29:18,024 - INFO - folderComparison - Folder Synced
2023-03-09 15:29:23,035 - INFO - folderComparison - Folder Synced
2023-03-09 15:29:28,037 - INFO - folderComparison - Folder Synced
2023-03-09 15:29:33,049 - INFO - folderComparison - Folder Synced
2023-03-09 15:29:38,051 - INFO - folderComparison - Folder Synced
2023-03-09 15:29:43,064 - INFO - folderComparison - Folder Synced
2023-03-09 15:29:48,078 - INFO - folderComparison - Folder Synced
2023-03-09 15:29:53,084 - INFO - folderComparison - Folder Synced
2023-03-09 15:29:58,099 - INFO - folderComparison - Folder Synced
2023-03-09 15:30:03,101 - INFO - folderComparison - Folder Synced
2023-03-09 15:30:08,108 - INFO - folderComparison - Folder Synced
2023-03-09 15:30:13,110 - INFO - folderComparison - Folder Synced
2023-03-09 15:30:18,115 - INFO - folderComparison - Folder Synced
2023-03-09 15:30:23,128 - INFO - folderComparison - Folder Synced
2023-03-09 15:30:28,133 - INFO - folderComparison - Folder Synced
2023-03-09 15:30:33,144 - INFO - folderComparison - Folder Synced
2023-03-09 15:30:38,154 - INFO - folderComparison - Folder Synced
2023-03-09 15:30:43,155 - INFO - folderComparison - Folder Synced
2023-03-09 15:30:48,167 - INFO - folderComparison - Folder Synced
2023-03-09 15:30:53,176 - INFO - folderComparison - Folder Synced
2023-03-09 15:30:58,180 - INFO - folderComparison - Folder Synced
2023-03-09 15:31:03,192 - INFO - folderComparison - Folder Synced
2023-03-09 15:31:08,202 - INFO - folderComparison - Folder Synced

2023-03-09 16:03:35 - INFO - folderComparison - Folder Synced
2023-03-09 16:03:40 - INFO - folderComparison - Folder Synced
2023-03-09 16:03:45 - INFO - folderComparison - Folder Synced
2023-03-09 16:03:50 - INFO - folderComparison - Folder Synced
2023-03-09 16:03:55 - INFO - folderComparison - Folder Not Synced
2023-03-09 16:03:55 - INFO - loggingCreateCopyRemove - Created a file D:\workspace\Veeam\example\replicaFolder\dummy\summa.py
2023-03-09 16:04:00 - INFO - folderComparison - Folder Synced
2023-03-09 16:04:05 - INFO - folderComparison - Folder Synced
2023-03-09 16:04:10 - INFO - folderComparison - Folder Synced
2023-03-09 16:04:15 - INFO - folderComparison - Folder Synced
2023-03-09 16:04:20 - INFO - folderComparison - Folder Synced
2023-03-09 16:04:25 - INFO - folderComparison - Folder Synced
2023-03-09 16:04:30 - INFO - folderComparison - Folder Synced
2023-03-09 16:04:35 - INFO - folderComparison - Folder Synced
2023-03-09 16:04:40 - INFO - folderComparison - Folder Synced
2023-03-09 16:04:46 - INFO - folderComparison - Folder Synced
2023-03-09 16:04:51 - INFO - folderComparison - Folder Synced
2023-03-09 16:50:52 - INFO - folderComparison - Folder Synced
2023-03-09 16:50:57 - INFO - folderComparison - Folder Synced
2023-03-09 16:51:02 - INFO - folderComparison - Folder Not Synced
2023-03-09 16:51:02 - INFO - deleteFolderFiles - Removed a file D:\workspace\Veeam\example\replicaFolder\scsd
2023-03-09 16:51:07 - INFO - folderComparison - Folder Not Synced
2023-03-09 16:51:07 - INFO - deleteFolderFiles - Removed a file D:\workspace\Veeam\example\replicaFolder\dummy\hgn
2023-03-09 16:51:12 - INFO - folderComparison - Folder Synced
2023-03-09 16:51:17 - INFO - folderComparison - Folder Synced
2023-03-09 16:51:22 - INFO - folderComparison - Folder Synced
2023-03-09 16:51:27 - INFO - folderComparison - Folder Synced
2023-03-09 16:51:32 - INFO - folderComparison - Folder Synced
2023-03-09 16:51:37 - INFO - folderComparison - Folder Synced
2023-03-09 16:51:42 - INFO - folderComparison - Folder Synced
2023-03-09 16:51:47 - INFO - folderComparison - Folder Not Synced
2023-03-09 16:51:47 - INFO - loggingCreateCopyRemove - Created a file D:\workspace\Veeam\example\replicaFolder\dummy\put.pdf
2023-03-09 16:51:52 - INFO - folderComparison - Folder Synced
2023-03-09 16:51:57 - INFO - folderComparison - Folder Synced
2023-03-09 16:52:02 - INFO - folderComparison - Folder Not Synced
2023-03-09 16:52:02 - INFO - loggingCreateCopyRemove - Created a file D:\workspace\Veeam\example\replicaFolder\dummy\put.pdf
2023-03-09 16:52:07 - INFO - folderComparison - Folder Synced
2023-03-09 16:52:12 - INFO - folderComparison - Folder Not Synced
2023-03-09 16:52:12 - INFO - loggingCreateCopyRemove - Copied a file D:\workspace\Veeam\example\replicaFolder\dummy\summa copy.py
2023-03-09 16:52:17 - INFO - folderComparison - Folder Not Synced
2023-03-09 16:52:17 - INFO - deleteFolderFiles - Removed a file D:\workspace\Veeam\example\replicaFolder\dummy\summa copy.py
2023-03-09 16:52:22 - INFO - folderComparison - Folder Synced
2023-03-09 16:52:27 - INFO - folderComparison - Folder Not Synced
2023-03-09 16:52:27 - INFO - loggingCreateCopyRemove - Copied a file D:\workspace\Veeam\example\replicaFolder\summa.py
2023-03-09 16:52:27 - INFO - deleteFolderFiles - Removed a file D:\workspace\Veeam\example\replicaFolder\dummy\summa.py
2023-03-09 16:52:32 - INFO - folderComparison - Folder Synced
2023-03-09 16:52:37 - INFO - folderComparison - Folder Synced
2023-03-09 16:52:42 - INFO - folderComparison - Folder Not Synced
2023-03-09 16:52:42 - INFO - loggingCreateCopyRemove - Copied a file D:\workspace\Veeam\example\replicaFolder\put.pdf
2023-03-09 16:52:42 - INFO - deleteFolderFiles - Removed a file D:\workspace\Veeam\example\replicaFolder\dummy\put.pdf
2023-03-09 16:52:47 - INFO - folderComparison - Folder Synced
2023-03-09 16:52:52 - INFO - folderComparison - Folder Synced
2023-03-09 16:52:57 - INFO - folderComparison - Folder Synced
2023-03-09 16:53:02 - INFO - folderComparison - Folder Not Synced
2023-03-09 16:53:02 - INFO - loggingCreateCopyRemove - Created a file D:\workspace\Veeam\example\replicaFolder\put.pdf
2023-03-09 16:53:07 - INFO - folderComparison - Folder Not Synced
2023-03-09 16:53:07 - INFO - deleteFolderFiles - Removed a file D:\workspace\Veeam\example\replicaFolder\put.pdf
2023-03-09 16:53:12 - INFO - folderComparison - Folder Synced
2023-03-09 16:53:17 - INFO - folderComparison - Folder Synced
2023-03-09 16:53:22 - INFO - folderComparison - Folder Synced
2023-03-09 16:53:27 - INFO - folderComparison - Folder Synced
2023-03-09 16:53:32 - INFO - folderComparison - Folder Synced
2023-03-09 16:53:37 - INFO - folderComparison - Folder Synced
2023-03-09 16:53:42 - INFO - folderComparison - Folder Synced
2023-03-09 16:53:47 - INFO - folderComparison - Folder Synced
2023-03-09 16:53:53 - INFO - folderComparison - Folder Not Synced
2023-03-09 16:53:53 - INFO - loggingCreateCopyRemove - Created a file D:\workspace\Veeam\example\replicaFolder\Work_Reference (2).pdf
2023-03-09 16:53:58 - INFO - folderComparison - Folder Synced
2023-03-09 16:54:03 - INFO - folderComparison - Folder Synced
2023-03-09 16:54:08 - INFO - folderComparison - Folder Synced
2023-03-09 16:54:13 - INFO - folderComparison - Folder Not Synced
2023-03-09 16:54:13 - INFO - loggingCreateCopyRemove - Created a file D:\workspace\Veeam\example\replicaFolder\Application_Document
2023-03-09 16:54:13 - INFO - loggingCreateCopyRemove - Removed a folder D:\workspace\Veeam\example\replicaFolder\dummy
2023-03-09 16:54:18 - INFO - folderComparison - Folder Synced
2023-03-09 16:54:23 - INFO - folderComparison - Folder Synced
2023-03-09 16:54:28 - INFO - folderComparison - Folder Synced
2023-03-09 16:54:33 - INFO - folderComparison - Folder Synced
2023-03-09 16:54:38 - INFO - folderComparison - Folder Synced
2023-03-09 16:54:43 - INFO - folderComparison - Folder Not Synced
2023-03-09 16:54:43 - INFO - loggingCreateCopyRemove - Copied a file D:\workspace\Veeam\example\replicaFolder\Application_Document\Work_Reference (2).pdf
2023-03-09 16:54:43 - INFO - deleteFolderFiles - Removed a file D:\workspace\Veeam\example\replicaFolder\Work_Reference (2).pdf
2023-03-09 16:54:48 - INFO - folderComparison - Folder Synced
2023-03-09 16:54:53 - INFO - folderComparison - Folder Not Synced
2023-03-09 16:54:53 - INFO - loggingCreateCopyRemove - Created a file D:\workspace\Veeam\example\replicaFolder\Application_Document\Work_Reference.pdf
2023-03-09 16:54:53 - INFO - deleteFolderFiles - Removed a file D:\workspace\Veeam\example\replicaFolder\Application_Document\Work_Reference (2).pdf
2023-03-09 16:54:58 - INFO - folderComparison - Folder Synced
2023-03-09 16:55:03 - INFO - folderComparison - Folder Synced
2023-03-09 16:55:08 - INFO - folderComparison - Folder Not Synced
2023-03-09 16:55:08 - INFO - loggingCreateCopyRemove - Created a file D:\workspace\Veeam\example\replicaFolder\applicationDocument
2023-03-09 16:55:08 - INFO - loggingCreateCopyRemove - Copied a file D:\workspace\Veeam\example\replicaFolder\applicationDocument\Work_Reference.pdf
2023-03-09 16:55:08 - INFO - loggingCreateCopyRemove - Removed a folder D:\workspace\Veeam\example\replicaFolder\Application_Document
2023-03-09 16:55:13 - INFO - folderComparison - Folder Synced
2023-03-09 16:55:18 - INFO - folderComparison - Folder Synced
2023-03-09 16:55:23 - INFO - folderComparison - Folder Synced
2023-03-09 16:55:28 - INFO - folderComparison - Folder Synced
2023-03-09 16:55:33 - INFO - folderComparison - Folder Synced
2023-03-09 16:55:38 - INFO - folderComparison - Folder Synced
2023-03-09 16:55:43 - INFO - folderComparison - Folder Synced
2023-03-09 16:55:49 - INFO - folderComparison - Folder Synced
2023-03-09 16:55:54 - INFO - folderComparison - Folder Synced
2023-03-09 16:55:59 - INFO - folderComparison - Folder Synced
2023-03-09 16:56:04 - INFO - folderComparison - Folder Synced
2023-03-09 16:56:09 - INFO - folderComparison - Folder Synced
2023-03-09 16:56:14 - INFO - folderComparison - Folder Not Synced
2023-03-09 16:56:14 - INFO - loggingCreateCopyRemove - Created a file D:\workspace\Veeam\example\replicaFolder\applicationDocument\Certificate.pdf
2023-03-09 16:56:19 - INFO - folderComparison - Folder Synced
2023-03-09 16:56:24 - INFO - folderComparison - Folder Synced
2023-03-09 16:56:29 - INFO - folderComparison - Folder Synced
2023-03-09 16:56:34 - INFO - folderComparison - Folder Synced
2023-03-09 16:56:39 - INFO - folderComparison - Folder Not Synced
2023-03-09 16:56:39 - INFO - loggingCreateCopyRemove - Created a file D:\workspace\Veeam\example\replicaFolder\applicationDocument\Resume.pdf
2023-03-09 16:56:44 - INFO - folderComparison - Folder Synced
2023-03-09 16:56:49 - INFO - folderComparison - Folder Synced
2023-03-09 16:56:54 - INFO - folderComparison - Folder Synced
2023-03-09 16:56:59 - INFO - folderComparison - Folder Synced
2023-03-09 16:57:04 - INFO - folderComparison - Folder Not Synced
2023-03-09 16:57:04 - INFO - deleteFolderFiles - Removed a file D:\workspace\Veeam\example\replicaFolder\applicationDocument\Resume.pdf
2023-03-09 16:57:10 - INFO - folderComparison - Folder Synced
2023-03-09 16:57:15 - INFO - folderComparison - Folder Synced
2023-03-09 16:57:20 - INFO - folderComparison - Folder Not Synced
2023-03-09 16:57:20 - INFO - loggingCreateCopyRemove - Created a file D:\workspace\Veeam\example\replicaFolder\applicationDocument\Resume.pdf
2023-03-09 16:57:25 - INFO - folderComparison - Folder Synced
2023-03-09 16:57:30 - INFO - folderComparison - Folder Synced
2023-03-09 16:57:35 - INFO - folderComparison - Folder Synced
2023-03-09 16:57:40 - INFO - folderComparison - Folder Not Synced
2023-03-09 16:57:40 - INFO - loggingCreateCopyRemove - Created a file D:\workspace\Veeam\example\replicaFolder\summa.py
2023-03-09 16:57:40 - INFO - deleteFolderFiles - Removed a file D:\workspace\Veeam\example\replicaFolder\dummy.txt
2023-03-09 16:57:45 - INFO - folderComparison - Folder Synced
2023-03-09 16:57:50 - INFO - folderComparison - Folder Synced
2023-03-09 16:57:55 - INFO - folderComparison - Folder Synced
2023-03-09 16:58:00 - INFO - folderComparison - Folder Synced
2023-03-09 16:58:05 - INFO - folderComparison - Folder Synced
2023-03-09 16:58:11 - INFO - folderComparison - Folder Not Synced
2023-03-09 16:58:11 - INFO - loggingCreateCopyRemove - Created a file D:\workspace\Veeam\example\replicaFolder\dummy.txt
2023-03-09 16:58:11 - INFO - deleteFolderFiles - Removed a file D:\workspace\Veeam\example\replicaFolder\summa.py
2023-03-09 16:58:16 - INFO - folderComparison - Folder Synced
2023-03-09 16:58:21 - INFO - folderComparison - Folder Synced
2023-03-09 16:58:26 - INFO - folderComparison - Folder Synced
2023-03-09 16:58:31 - INFO - folderComparison - Folder Synced
2023-03-09 16:58:36 - INFO - folderComparison - Folder Synced
2023-03-09 17:02:26 - INFO - folderComparison - Folder Synced
2023-03-09 17:02:31 - INFO - folderComparison - Folder Synced
2023-03-09 17:02:36 - INFO - folderComparison - Folder Synced
2023-03-09 17:02:41 - INFO - folderComparison - Folder Synced
2023-03-09 17:02:46 - INFO - folderComparison - Folder Synced
2023-03-09 17:04:55 - INFO - folderComparison - Folder Synced
2023-03-09 17:05:00 - INFO - folderComparison - Folder Synced
2023-03-09 17:05:05 - INFO - folderComparison - Folder Synced
2023-03-09 17:05:10 - INFO - folderComparison - Folder Synced
2023-03-09 17:05:15 - INFO - folderComparison - Folder Synced
2023-03-09 17:06:27 - INFO - folderComparison - Folder Synced
2023-03-09 17:06:32 - INFO - folderComparison - Folder Synced
2023-03-09 17:06:38 - INFO - folderComparison - Folder Synced
2023-03-09 17:06:43 - INFO - folderComparison - Folder Not Synced
2023-03-09 17:06:43 - INFO - loggingCreateCopyRemove - Created D:\workspace\Veeam\example\replicaFolder\dummyTest.txt
2023-03-09 17:06:48 - INFO - folderComparison - Folder Synced
2023-03-09 17:06:53 - INFO - folderComparison - Folder Synced
2023-03-09 17:06:58 - INFO - folderComparison - Folder Synced
2023-03-09 17:07:03 - INFO - folderComparison - Folder Not Synced
2023-03-09 17:07:03 - INFO - loggingCreateCopyRemove - Created D:\workspace\Veeam\example\replicaFolder\dummyTest.txt
2023-03-09 17:07:08 - INFO - folderComparison - Folder Synced
2023-03-09 17:07:13 - INFO - folderComparison - Folder Not Synced
2023-03-09 17:07:13 - INFO - deleteFolderFiles - Removed a file D:\workspace\Veeam\example\replicaFolder\dummyTest.txt
2023-03-09 17:07:18 - INFO - folderComparison - Folder Synced
2023-03-09 17:07:23 - INFO - folderComparison - Folder Not Synced
2023-03-09 17:07:23 - INFO - loggingCreateCopyRemove - Copied D:\workspace\Veeam\example\replicaFolder\dummy.txt
2023-03-09 17:07:23 - INFO - deleteFolderFiles - Removed a file D:\workspace\Veeam\example\replicaFolder\applicationDocument\dummy.txt
2023-03-09 17:07:29 - INFO - folderComparison - Folder Synced
2023-03-09 17:07:34 - INFO - folderComparison - Folder Synced
